Command line invocation:
    /Applications/Xcode.app/Contents/Developer/usr/bin/xcodebuild -project RecipesApp.xcodeproj -scheme RecipesApp -sdk iphonesimulator -destination "platform=iOS Simulator,id=33357014-BDD4-4AF0-B935-6D2998B9893A" clean build

Build settings from command line:
    SDKROOT = iphonesimulator26.2

CreateBuildRequest

SendProjectDescription

CreateBuildOperation

** CLEAN SUCCEEDED **

ComputePackagePrebuildTargetDependencyGraph

Prepare packages

CreateBuildRequest

SendProjectDescription

CreateBuildOperation

ComputeTargetDependencyGraph
note: Building targets in dependency order
note: Target dependency graph (1 target)
    Target 'RecipesApp' in project 'RecipesApp' (no dependencies)

GatherProvisioningInputs

CreateBuildDescription

ExecuteExternalTool /Applications/Xcode.app/Contents/Developer/Toolchains/XcodeDefault.xctoolchain/usr/bin/clang -v -E -dM -isysroot /Applications/Xcode.app/Contents/Developer/Platforms/iPhoneSimulator.platform/Developer/SDKs/iPhoneSimulator26.2.sdk -x c -c /dev/null

ExecuteExternalTool /Applications/Xcode.app/Contents/Developer/usr/bin/actool --print-asset-tag-combinations --output-format xml1 /Users/olivier/Projects/homelab/applications/recipes-ios/RecipesApp/Resources/Assets.xcassets

ExecuteExternalTool /Applications/Xcode.app/Contents/Developer/usr/bin/actool --version --output-format xml1

ExecuteExternalTool /Applications/Xcode.app/Contents/Developer/Toolchains/XcodeDefault.xctoolchain/usr/bin/swiftc --version

ExecuteExternalTool /Applications/Xcode.app/Contents/Developer/Toolchains/XcodeDefault.xctoolchain/usr/bin/ld -version_details

Build description signature: eeacc1ebf7f85d4f330f002c422c899f
Build description path: /Users/olivier/Library/Developer/Xcode/DerivedData/RecipesApp-fkyyklnnnjsfppgmbnwmslvjfhap/Build/Intermediates.noindex/XCBuildData/eeacc1ebf7f85d4f330f002c422c899f.xcbuilddata
ClangStatCache /Applications/Xcode.app/Contents/Developer/Toolchains/XcodeDefault.xctoolchain/usr/bin/clang-stat-cache /Applications/Xcode.app/Contents/Developer/Platforms/iPhoneSimulator.platform/Developer/SDKs/iPhoneSimulator26.2.sdk /Users/olivier/Library/Developer/Xcode/DerivedData/SDKStatCaches.noindex/iphonesimulator26.2-23C53-7d00a8b37fbd7999ea79df8ebc024bf0.sdkstatcache
    cd /Users/olivier/Projects/homelab/applications/recipes-ios/RecipesApp.xcodeproj
    /Applications/Xcode.app/Contents/Developer/Toolchains/XcodeDefault.xctoolchain/usr/bin/clang-stat-cache /Applications/Xcode.app/Contents/Developer/Platforms/iPhoneSimulator.platform/Developer/SDKs/iPhoneSimulator26.2.sdk -o /Users/olivier/Library/Developer/Xcode/DerivedData/SDKStatCaches.noindex/iphonesimulator26.2-23C53-7d00a8b37fbd7999ea79df8ebc024bf0.sdkstatcache

CreateBuildDirectory /Users/olivier/Library/Developer/Xcode/DerivedData/RecipesApp-fkyyklnnnjsfppgmbnwmslvjfhap/Build/Products
    cd /Users/olivier/Projects/homelab/applications/recipes-ios/RecipesApp.xcodeproj
    builtin-create-build-directory /Users/olivier/Library/Developer/Xcode/DerivedData/RecipesApp-fkyyklnnnjsfppgmbnwmslvjfhap/Build/Products

CreateBuildDirectory /Users/olivier/Library/Developer/Xcode/DerivedData/RecipesApp-fkyyklnnnjsfppgmbnwmslvjfhap/Build/Intermediates.noindex
    cd /Users/olivier/Projects/homelab/applications/recipes-ios/RecipesApp.xcodeproj
    builtin-create-build-directory /Users/olivier/Library/Developer/Xcode/DerivedData/RecipesApp-fkyyklnnnjsfppgmbnwmslvjfhap/Build/Intermediates.noindex

CreateBuildDirectory /Users/olivier/Library/Developer/Xcode/DerivedData/RecipesApp-fkyyklnnnjsfppgmbnwmslvjfhap/Build/Intermediates.noindex/SwiftExplicitPrecompiledModules
    cd /Users/olivier/Projects/homelab/applications/recipes-ios/RecipesApp.xcodeproj
    builtin-create-build-directory /Users/olivier/Library/Developer/Xcode/DerivedData/RecipesApp-fkyyklnnnjsfppgmbnwmslvjfhap/Build/Intermediates.noindex/SwiftExplicitPrecompiledModules

CreateBuildDirectory /Users/olivier/Library/Developer/Xcode/DerivedData/RecipesApp-fkyyklnnnjsfppgmbnwmslvjfhap/Build/Intermediates.noindex/ExplicitPrecompiledModules
    cd /Users/olivier/Projects/homelab/applications/recipes-ios/RecipesApp.xcodeproj
    builtin-create-build-directory /Users/olivier/Library/Developer/Xcode/DerivedData/RecipesApp-fkyyklnnnjsfppgmbnwmslvjfhap/Build/Intermediates.noindex/ExplicitPrecompiledModules

CreateBuildDirectory /Users/olivier/Library/Developer/Xcode/DerivedData/RecipesApp-fkyyklnnnjsfppgmbnwmslvjfhap/Build/Intermediates.noindex/EagerLinkingTBDs/Debug-iphonesimulator
    cd /Users/olivier/Projects/homelab/applications/recipes-ios/RecipesApp.xcodeproj
    builtin-create-build-directory /Users/olivier/Library/Developer/Xcode/DerivedData/RecipesApp-fkyyklnnnjsfppgmbnwmslvjfhap/Build/Intermediates.noindex/EagerLinkingTBDs/Debug-iphonesimulator

WriteAuxiliaryFile /Users/olivier/Library/Developer/Xcode/DerivedData/RecipesApp-fkyyklnnnjsfppgmbnwmslvjfhap/Build/Intermediates.noindex/RecipesApp.build/Debug-iphonesimulator/RecipesApp-0b7ccb6aec00ef9910da6ea50eb82969-VFS-iphonesimulator/all-product-headers.yaml
    cd /Users/olivier/Projects/homelab/applications/recipes-ios/RecipesApp.xcodeproj
    write-file /Users/olivier/Library/Developer/Xcode/DerivedData/RecipesApp-fkyyklnnnjsfppgmbnwmslvjfhap/Build/Intermediates.noindex/RecipesApp.build/Debug-iphonesimulator/RecipesApp-0b7ccb6aec00ef9910da6ea50eb82969-VFS-iphonesimulator/all-product-headers.yaml

CreateBuildDirectory /Users/olivier/Library/Developer/Xcode/DerivedData/RecipesApp-fkyyklnnnjsfppgmbnwmslvjfhap/Build/Products/Debug-iphonesimulator
    cd /Users/olivier/Projects/homelab/applications/recipes-ios/RecipesApp.xcodeproj
    builtin-create-build-directory /Users/olivier/Library/Developer/Xcode/DerivedData/RecipesApp-fkyyklnnnjsfppgmbnwmslvjfhap/Build/Products/Debug-iphonesimulator

WriteAuxiliaryFile /Users/olivier/Library/Developer/Xcode/DerivedData/RecipesApp-fkyyklnnnjsfppgmbnwmslvjfhap/Build/Intermediates.noindex/RecipesApp.build/Debug-iphonesimulator/RecipesApp.build/RecipesApp-own-target-headers.hmap (in target 'RecipesApp' from project 'RecipesApp')
    cd /Users/olivier/Projects/homelab/applications/recipes-ios
    write-file /Users/olivier/Library/Developer/Xcode/DerivedData/RecipesApp-fkyyklnnnjsfppgmbnwmslvjfhap/Build/Intermediates.noindex/RecipesApp.build/Debug-iphonesimulator/RecipesApp.build/RecipesApp-own-target-headers.hmap

WriteAuxiliaryFile /Users/olivier/Library/Developer/Xcode/DerivedData/RecipesApp-fkyyklnnnjsfppgmbnwmslvjfhap/Build/Intermediates.noindex/RecipesApp.build/Debug-iphonesimulator/RecipesApp.build/RecipesApp.DependencyMetadataFileList (in target 'RecipesApp' from project 'RecipesApp')
    cd /Users/olivier/Projects/homelab/applications/recipes-ios
    write-file /Users/olivier/Library/Developer/Xcode/DerivedData/RecipesApp-fkyyklnnnjsfppgmbnwmslvjfhap/Build/Intermediates.noindex/RecipesApp.build/Debug-iphonesimulator/RecipesApp.build/RecipesApp.DependencyMetadataFileList

WriteAuxiliaryFile /Users/olivier/Library/Developer/Xcode/DerivedData/RecipesApp-fkyyklnnnjsfppgmbnwmslvjfhap/Build/Intermediates.noindex/RecipesApp.build/Debug-iphonesimulator/RecipesApp.build/RecipesApp.hmap (in target 'RecipesApp' from project 'RecipesApp')
    cd /Users/olivier/Projects/homelab/applications/recipes-ios
    write-file /Users/olivier/Library/Developer/Xcode/DerivedData/RecipesApp-fkyyklnnnjsfppgmbnwmslvjfhap/Build/Intermediates.noindex/RecipesApp.build/Debug-iphonesimulator/RecipesApp.build/RecipesApp.hmap

WriteAuxiliaryFile /Users/olivier/Library/Developer/Xcode/DerivedData/RecipesApp-fkyyklnnnjsfppgmbnwmslvjfhap/Build/Intermediates.noindex/RecipesApp.build/Debug-iphonesimulator/RecipesApp.build/RecipesApp-project-headers.hmap (in target 'RecipesApp' from project 'RecipesApp')
    cd /Users/olivier/Projects/homelab/applications/recipes-ios
    write-file /Users/olivier/Library/Developer/Xcode/DerivedData/RecipesApp-fkyyklnnnjsfppgmbnwmslvjfhap/Build/Intermediates.noindex/RecipesApp.build/Debug-iphonesimulator/RecipesApp.build/RecipesApp-project-headers.hmap

WriteAuxiliaryFile /Users/olivier/Library/Developer/Xcode/DerivedData/RecipesApp-fkyyklnnnjsfppgmbnwmslvjfhap/Build/Intermediates.noindex/RecipesApp.build/Debug-iphonesimulator/RecipesApp.build/RecipesApp-all-target-headers.hmap (in target 'RecipesApp' from project 'RecipesApp')
    cd /Users/olivier/Projects/homelab/applications/recipes-ios
    write-file /Users/olivier/Library/Developer/Xcode/DerivedData/RecipesApp-fkyyklnnnjsfppgmbnwmslvjfhap/Build/Intermediates.noindex/RecipesApp.build/Debug-iphonesimulator/RecipesApp.build/RecipesApp-all-target-headers.hmap

WriteAuxiliaryFile /Users/olivier/Library/Developer/Xcode/DerivedData/RecipesApp-fkyyklnnnjsfppgmbnwmslvjfhap/Build/Intermediates.noindex/RecipesApp.build/Debug-iphonesimulator/RecipesApp.build/RecipesApp-DebugDylibPath-normal-x86_64.txt (in target 'RecipesApp' from project 'RecipesApp')
    cd /Users/olivier/Projects/homelab/applications/recipes-ios
    write-file /Users/olivier/Library/Developer/Xcode/DerivedData/RecipesApp-fkyyklnnnjsfppgmbnwmslvjfhap/Build/Intermediates.noindex/RecipesApp.build/Debug-iphonesimulator/RecipesApp.build/RecipesApp-DebugDylibPath-normal-x86_64.txt

WriteAuxiliaryFile /Users/olivier/Library/Developer/Xcode/DerivedData/RecipesApp-fkyyklnnnjsfppgmbnwmslvjfhap/Build/Intermediates.noindex/RecipesApp.build/Debug-iphonesimulator/RecipesApp.build/RecipesApp.DependencyStaticMetadataFileList (in target 'RecipesApp' from project 'RecipesApp')
    cd /Users/olivier/Projects/homelab/applications/recipes-ios
    write-file /Users/olivier/Library/Developer/Xcode/DerivedData/RecipesApp-fkyyklnnnjsfppgmbnwmslvjfhap/Build/Intermediates.noindex/RecipesApp.build/Debug-iphonesimulator/RecipesApp.build/RecipesApp.DependencyStaticMetadataFileList

WriteAuxiliaryFile /Users/olivier/Library/Developer/Xcode/DerivedData/RecipesApp-fkyyklnnnjsfppgmbnwmslvjfhap/Build/Intermediates.noindex/RecipesApp.build/Debug-iphonesimulator/RecipesApp.build/RecipesApp-all-non-framework-target-headers.hmap (in target 'RecipesApp' from project 'RecipesApp')
    cd /Users/olivier/Projects/homelab/applications/recipes-ios
    write-file /Users/olivier/Library/Developer/Xcode/DerivedData/RecipesApp-fkyyklnnnjsfppgmbnwmslvjfhap/Build/Intermediates.noindex/RecipesApp.build/Debug-iphonesimulator/RecipesApp.build/RecipesApp-all-non-framework-target-headers.hmap

WriteAuxiliaryFile /Users/olivier/Library/Developer/Xcode/DerivedData/RecipesApp-fkyyklnnnjsfppgmbnwmslvjfhap/Build/Intermediates.noindex/RecipesApp.build/Debug-iphonesimulator/RecipesApp.build/RecipesApp-generated-files.hmap (in target 'RecipesApp' from project 'RecipesApp')
    cd /Users/olivier/Projects/homelab/applications/recipes-ios
    write-file /Users/olivier/Library/Developer/Xcode/DerivedData/RecipesApp-fkyyklnnnjsfppgmbnwmslvjfhap/Build/Intermediates.noindex/RecipesApp.build/Debug-iphonesimulator/RecipesApp.build/RecipesApp-generated-files.hmap

WriteAuxiliaryFile /Users/olivier/Library/Developer/Xcode/DerivedData/RecipesApp-fkyyklnnnjsfppgmbnwmslvjfhap/Build/Intermediates.noindex/RecipesApp.build/Debug-iphonesimulator/RecipesApp.build/RecipesApp-DebugDylibInstallName-normal-x86_64.txt (in target 'RecipesApp' from project 'RecipesApp')
    cd /Users/olivier/Projects/homelab/applications/recipes-ios
    write-file /Users/olivier/Library/Developer/Xcode/DerivedData/RecipesApp-fkyyklnnnjsfppgmbnwmslvjfhap/Build/Intermediates.noindex/RecipesApp.build/Debug-iphonesimulator/RecipesApp.build/RecipesApp-DebugDylibInstallName-normal-x86_64.txt

WriteAuxiliaryFile /Users/olivier/Library/Developer/Xcode/DerivedData/RecipesApp-fkyyklnnnjsfppgmbnwmslvjfhap/Build/Intermediates.noindex/RecipesApp.build/Debug-iphonesimulator/RecipesApp.build/Objects-normal/x86_64/RecipesApp_const_extract_protocols.json (in target 'RecipesApp' from project 'RecipesApp')
    cd /Users/olivier/Projects/homelab/applications/recipes-ios
    write-file /Users/olivier/Library/Developer/Xcode/DerivedData/RecipesApp-fkyyklnnnjsfppgmbnwmslvjfhap/Build/Intermediates.noindex/RecipesApp.build/Debug-iphonesimulator/RecipesApp.build/Objects-normal/x86_64/RecipesApp_const_extract_protocols.json

WriteAuxiliaryFile /Users/olivier/Library/Developer/Xcode/DerivedData/RecipesApp-fkyyklnnnjsfppgmbnwmslvjfhap/Build/Intermediates.noindex/RecipesApp.build/Debug-iphonesimulator/RecipesApp.build/Objects-normal/x86_64/RecipesApp.SwiftConstValuesFileList (in target 'RecipesApp' from project 'RecipesApp')
    cd /Users/olivier/Projects/homelab/applications/recipes-ios
    write-file /Users/olivier/Library/Developer/Xcode/DerivedData/RecipesApp-fkyyklnnnjsfppgmbnwmslvjfhap/Build/Intermediates.noindex/RecipesApp.build/Debug-iphonesimulator/RecipesApp.build/Objects-normal/x86_64/RecipesApp.SwiftConstValuesFileList

WriteAuxiliaryFile /Users/olivier/Library/Developer/Xcode/DerivedData/RecipesApp-fkyyklnnnjsfppgmbnwmslvjfhap/Build/Intermediates.noindex/RecipesApp.build/Debug-iphonesimulator/RecipesApp.build/Objects-normal/x86_64/RecipesApp.SwiftFileList (in target 'RecipesApp' from project 'RecipesApp')
    cd /Users/olivier/Projects/homelab/applications/recipes-ios
    write-file /Users/olivier/Library/Developer/Xcode/DerivedData/RecipesApp-fkyyklnnnjsfppgmbnwmslvjfhap/Build/Intermediates.noindex/RecipesApp.build/Debug-iphonesimulator/RecipesApp.build/Objects-normal/x86_64/RecipesApp.SwiftFileList

WriteAuxiliaryFile /Users/olivier/Library/Developer/Xcode/DerivedData/RecipesApp-fkyyklnnnjsfppgmbnwmslvjfhap/Build/Intermediates.noindex/RecipesApp.build/Debug-iphonesimulator/RecipesApp.build/Objects-normal/x86_64/RecipesApp.LinkFileList (in target 'RecipesApp' from project 'RecipesApp')
    cd /Users/olivier/Projects/homelab/applications/recipes-ios
    write-file /Users/olivier/Library/Developer/Xcode/DerivedData/RecipesApp-fkyyklnnnjsfppgmbnwmslvjfhap/Build/Intermediates.noindex/RecipesApp.build/Debug-iphonesimulator/RecipesApp.build/Objects-normal/x86_64/RecipesApp.LinkFileList

WriteAuxiliaryFile /Users/olivier/Library/Developer/Xcode/DerivedData/RecipesApp-fkyyklnnnjsfppgmbnwmslvjfhap/Build/Intermediates.noindex/RecipesApp.build/Debug-iphonesimulator/RecipesApp.build/Objects-normal/x86_64/RecipesApp-OutputFileMap.json (in target 'RecipesApp' from project 'RecipesApp')
    cd /Users/olivier/Projects/homelab/applications/recipes-ios
    write-file /Users/olivier/Library/Developer/Xcode/DerivedData/RecipesApp-fkyyklnnnjsfppgmbnwmslvjfhap/Build/Intermediates.noindex/RecipesApp.build/Debug-iphonesimulator/RecipesApp.build/Objects-normal/x86_64/RecipesApp-OutputFileMap.json

MkDir /Users/olivier/Library/Developer/Xcode/DerivedData/RecipesApp-fkyyklnnnjsfppgmbnwmslvjfhap/Build/Products/Debug-iphonesimulator/RecipesApp.app (in target 'RecipesApp' from project 'RecipesApp')
    cd /Users/olivier/Projects/homelab/applications/recipes-ios
    /bin/mkdir -p /Users/olivier/Library/Developer/Xcode/DerivedData/RecipesApp-fkyyklnnnjsfppgmbnwmslvjfhap/Build/Products/Debug-iphonesimulator/RecipesApp.app

WriteAuxiliaryFile /Users/olivier/Library/Developer/Xcode/DerivedData/RecipesApp-fkyyklnnnjsfppgmbnwmslvjfhap/Build/Intermediates.noindex/RecipesApp.build/Debug-iphonesimulator/RecipesApp.build/DerivedSources/Entitlements-Simulated.plist (in target 'RecipesApp' from project 'RecipesApp')
    cd /Users/olivier/Projects/homelab/applications/recipes-ios
    write-file /Users/olivier/Library/Developer/Xcode/DerivedData/RecipesApp-fkyyklnnnjsfppgmbnwmslvjfhap/Build/Intermediates.noindex/RecipesApp.build/Debug-iphonesimulator/RecipesApp.build/DerivedSources/Entitlements-Simulated.plist

ProcessProductPackaging "" /Users/olivier/Library/Developer/Xcode/DerivedData/RecipesApp-fkyyklnnnjsfppgmbnwmslvjfhap/Build/Intermediates.noindex/RecipesApp.build/Debug-iphonesimulator/RecipesApp.build/RecipesApp.app-Simulated.xcent (in target 'RecipesApp' from project 'RecipesApp')
    cd /Users/olivier/Projects/homelab/applications/recipes-ios
    
    Entitlements:
    
    {
    "application-identifier" = "FAKETEAMID.net.metatao.recipes";
}
    
    builtin-productPackagingUtility -entitlements -format xml -o /Users/olivier/Library/Developer/Xcode/DerivedData/RecipesApp-fkyyklnnnjsfppgmbnwmslvjfhap/Build/Intermediates.noindex/RecipesApp.build/Debug-iphonesimulator/RecipesApp.build/RecipesApp.app-Simulated.xcent

ProcessProductPackagingDER /Users/olivier/Library/Developer/Xcode/DerivedData/RecipesApp-fkyyklnnnjsfppgmbnwmslvjfhap/Build/Intermediates.noindex/RecipesApp.build/Debug-iphonesimulator/RecipesApp.build/RecipesApp.app-Simulated.xcent /Users/olivier/Library/Developer/Xcode/DerivedData/RecipesApp-fkyyklnnnjsfppgmbnwmslvjfhap/Build/Intermediates.noindex/RecipesApp.build/Debug-iphonesimulator/RecipesApp.build/RecipesApp.app-Simulated.xcent.der (in target 'RecipesApp' from project 'RecipesApp')
    cd /Users/olivier/Projects/homelab/applications/recipes-ios
    /usr/bin/derq query -f xml -i /Users/olivier/Library/Developer/Xcode/DerivedData/RecipesApp-fkyyklnnnjsfppgmbnwmslvjfhap/Build/Intermediates.noindex/RecipesApp.build/Debug-iphonesimulator/RecipesApp.build/RecipesApp.app-Simulated.xcent -o /Users/olivier/Library/Developer/Xcode/DerivedData/RecipesApp-fkyyklnnnjsfppgmbnwmslvjfhap/Build/Intermediates.noindex/RecipesApp.build/Debug-iphonesimulator/RecipesApp.build/RecipesApp.app-Simulated.xcent.der --raw

Ld /Users/olivier/Library/Developer/Xcode/DerivedData/RecipesApp-fkyyklnnnjsfppgmbnwmslvjfhap/Build/Products/Debug-iphonesimulator/RecipesApp.app/__preview.dylib normal (in target 'RecipesApp' from project 'RecipesApp')
    cd /Users/olivier/Projects/homelab/applications/recipes-ios
    /Applications/Xcode.app/Contents/Developer/Toolchains/XcodeDefault.xctoolchain/usr/bin/clang -Xlinker -reproducible -target x86_64-apple-ios18.0-simulator -dynamiclib -isysroot /Applications/Xcode.app/Contents/Developer/Platforms/iPhoneSimulator.platform/Developer/SDKs/iPhoneSimulator26.2.sdk -O0 -L/Users/olivier/Library/Developer/Xcode/DerivedData/RecipesApp-fkyyklnnnjsfppgmbnwmslvjfhap/Build/Products/Debug-iphonesimulator -F/Users/olivier/Library/Developer/Xcode/DerivedData/RecipesApp-fkyyklnnnjsfppgmbnwmslvjfhap/Build/Products/Debug-iphonesimulator -install_name @rpath/RecipesApp.debug.dylib -dead_strip -rdynamic -Xlinker -no_deduplicate -Xlinker -objc_abi_version -Xlinker 2 -Xlinker -dependency_info -Xlinker /Users/olivier/Library/Developer/Xcode/DerivedData/RecipesApp-fkyyklnnnjsfppgmbnwmslvjfhap/Build/Intermediates.noindex/RecipesApp.build/Debug-iphonesimulator/RecipesApp.build/Objects-normal/x86_64/RecipesApp_dependency_info.dat -Xlinker -sectcreate -Xlinker __TEXT -Xlinker __entitlements -Xlinker /Users/olivier/Library/Developer/Xcode/DerivedData/RecipesApp-fkyyklnnnjsfppgmbnwmslvjfhap/Build/Intermediates.noindex/RecipesApp.build/Debug-iphonesimulator/RecipesApp.build/RecipesApp.app-Simulated.xcent -Xlinker -sectcreate -Xlinker __TEXT -Xlinker __ents_der -Xlinker /Users/olivier/Library/Developer/Xcode/DerivedData/RecipesApp-fkyyklnnnjsfppgmbnwmslvjfhap/Build/Intermediates.noindex/RecipesApp.build/Debug-iphonesimulator/RecipesApp.build/RecipesApp.app-Simulated.xcent.der -Xlinker -no_adhoc_codesign -o /Users/olivier/Library/Developer/Xcode/DerivedData/RecipesApp-fkyyklnnnjsfppgmbnwmslvjfhap/Build/Products/Debug-iphonesimulator/RecipesApp.app/__preview.dylib

GenerateAssetSymbols /Users/olivier/Projects/homelab/applications/recipes-ios/RecipesApp/Resources/Assets.xcassets (in target 'RecipesApp' from project 'RecipesApp')
    cd /Users/olivier/Projects/homelab/applications/recipes-ios
    /Applications/Xcode.app/Contents/Developer/usr/bin/actool /Users/olivier/Projects/homelab/applications/recipes-ios/RecipesApp/Resources/Assets.xcassets --compile /Users/olivier/Library/Developer/Xcode/DerivedData/RecipesApp-fkyyklnnnjsfppgmbnwmslvjfhap/Build/Products/Debug-iphonesimulator/RecipesApp.app --output-format human-readable-text --notices --warnings --export-dependency-info /Users/olivier/Library/Developer/Xcode/DerivedData/RecipesApp-fkyyklnnnjsfppgmbnwmslvjfhap/Build/Intermediates.noindex/RecipesApp.build/Debug-iphonesimulator/RecipesApp.build/assetcatalog_dependencies --output-partial-info-plist /Users/olivier/Library/Developer/Xcode/DerivedData/RecipesApp-fkyyklnnnjsfppgmbnwmslvjfhap/Build/Intermediates.noindex/RecipesApp.build/Debug-iphonesimulator/RecipesApp.build/assetcatalog_generated_info.plist --app-icon AppIcon --accent-color AccentColor --compress-pngs --enable-on-demand-resources YES --development-region en --target-device iphone --minimum-deployment-target 18.0 --platform iphonesimulator --bundle-identifier net.metatao.recipes --generate-swift-asset-symbols /Users/olivier/Library/Developer/Xcode/DerivedData/RecipesApp-fkyyklnnnjsfppgmbnwmslvjfhap/Build/Intermediates.noindex/RecipesApp.build/Debug-iphonesimulator/RecipesApp.build/DerivedSources/GeneratedAssetSymbols.swift --generate-objc-asset-symbols /Users/olivier/Library/Developer/Xcode/DerivedData/RecipesApp-fkyyklnnnjsfppgmbnwmslvjfhap/Build/Intermediates.noindex/RecipesApp.build/Debug-iphonesimulator/RecipesApp.build/DerivedSources/GeneratedAssetSymbols.h --generate-asset-symbol-index /Users/olivier/Library/Developer/Xcode/DerivedData/RecipesApp-fkyyklnnnjsfppgmbnwmslvjfhap/Build/Intermediates.noindex/RecipesApp.build/Debug-iphonesimulator/RecipesApp.build/DerivedSources/GeneratedAssetSymbols-Index.plist
/* com.apple.actool.document.warnings */
/Users/olivier/Projects/homelab/applications/recipes-ios/RecipesApp/Resources/Assets.xcassets:./AppIcon.appiconset/[ios][universal][1024x1024][][][][][][][]: warning: The file "AppIcon-1024.png" for the image set "AppIcon" does not exist.
/Users/olivier/Projects/homelab/applications/recipes-ios/RecipesApp/Resources/Assets.xcassets:./AppIcon.appiconset/[ios][universal][1024x1024][][][][][][][]: warning: The file "AppIcon-1024.png" for the image set "AppIcon" does not exist.
/* com.apple.actool.compilation-results */
/Users/olivier/Library/Developer/Xcode/DerivedData/RecipesApp-fkyyklnnnjsfppgmbnwmslvjfhap/Build/Intermediates.noindex/RecipesApp.build/Debug-iphonesimulator/RecipesApp.build/DerivedSources/GeneratedAssetSymbols-Index.plist
/Users/olivier/Library/Developer/Xcode/DerivedData/RecipesApp-fkyyklnnnjsfppgmbnwmslvjfhap/Build/Intermediates.noindex/RecipesApp.build/Debug-iphonesimulator/RecipesApp.build/DerivedSources/GeneratedAssetSymbols.h
/Users/olivier/Library/Developer/Xcode/DerivedData/RecipesApp-fkyyklnnnjsfppgmbnwmslvjfhap/Build/Intermediates.noindex/RecipesApp.build/Debug-iphonesimulator/RecipesApp.build/DerivedSources/GeneratedAssetSymbols.swift


MkDir /Users/olivier/Library/Developer/Xcode/DerivedData/RecipesApp-fkyyklnnnjsfppgmbnwmslvjfhap/Build/Intermediates.noindex/RecipesApp.build/Debug-iphonesimulator/RecipesApp.build/assetcatalog_output/thinned (in target 'RecipesApp' from project 'RecipesApp')
    cd /Users/olivier/Projects/homelab/applications/recipes-ios
    /bin/mkdir -p /Users/olivier/Library/Developer/Xcode/DerivedData/RecipesApp-fkyyklnnnjsfppgmbnwmslvjfhap/Build/Intermediates.noindex/RecipesApp.build/Debug-iphonesimulator/RecipesApp.build/assetcatalog_output/thinned

MkDir /Users/olivier/Library/Developer/Xcode/DerivedData/RecipesApp-fkyyklnnnjsfppgmbnwmslvjfhap/Build/Intermediates.noindex/RecipesApp.build/Debug-iphonesimulator/RecipesApp.build/assetcatalog_output/unthinned (in target 'RecipesApp' from project 'RecipesApp')
    cd /Users/olivier/Projects/homelab/applications/recipes-ios
    /bin/mkdir -p /Users/olivier/Library/Developer/Xcode/DerivedData/RecipesApp-fkyyklnnnjsfppgmbnwmslvjfhap/Build/Intermediates.noindex/RecipesApp.build/Debug-iphonesimulator/RecipesApp.build/assetcatalog_output/unthinned

CompileAssetCatalogVariant thinned /Users/olivier/Library/Developer/Xcode/DerivedData/RecipesApp-fkyyklnnnjsfppgmbnwmslvjfhap/Build/Products/Debug-iphonesimulator/RecipesApp.app /Users/olivier/Projects/homelab/applications/recipes-ios/RecipesApp/Resources/Assets.xcassets (in target 'RecipesApp' from project 'RecipesApp')
    cd /Users/olivier/Projects/homelab/applications/recipes-ios
    /Applications/Xcode.app/Contents/Developer/usr/bin/actool /Users/olivier/Projects/homelab/applications/recipes-ios/RecipesApp/Resources/Assets.xcassets --compile /Users/olivier/Library/Developer/Xcode/DerivedData/RecipesApp-fkyyklnnnjsfppgmbnwmslvjfhap/Build/Intermediates.noindex/RecipesApp.build/Debug-iphonesimulator/RecipesApp.build/assetcatalog_output/thinned --output-format human-readable-text --notices --warnings --export-dependency-info /Users/olivier/Library/Developer/Xcode/DerivedData/RecipesApp-fkyyklnnnjsfppgmbnwmslvjfhap/Build/Intermediates.noindex/RecipesApp.build/Debug-iphonesimulator/RecipesApp.build/assetcatalog_dependencies_thinned --output-partial-info-plist /Users/olivier/Library/Developer/Xcode/DerivedData/RecipesApp-fkyyklnnnjsfppgmbnwmslvjfhap/Build/Intermediates.noindex/RecipesApp.build/Debug-iphonesimulator/RecipesApp.build/assetcatalog_generated_info.plist_thinned --app-icon AppIcon --accent-color AccentColor --compress-pngs --enable-on-demand-resources YES --filter-for-thinning-device-configuration iPhone18,1 --filter-for-device-os-version 26.2 --development-region en --target-device iphone --minimum-deployment-target 18.0 --platform iphonesimulator

SwiftDriver RecipesApp normal x86_64 com.apple.xcode.tools.swift.compiler (in target 'RecipesApp' from project 'RecipesApp')
    cd /Users/olivier/Projects/homelab/applications/recipes-ios
    builtin-SwiftDriver -- /Applications/Xcode.app/Contents/Developer/Toolchains/XcodeDefault.xctoolchain/usr/bin/swiftc -module-name RecipesApp -Onone -enforce-exclusivity\=checked @/Users/olivier/Library/Developer/Xcode/DerivedData/RecipesApp-fkyyklnnnjsfppgmbnwmslvjfhap/Build/Intermediates.noindex/RecipesApp.build/Debug-iphonesimulator/RecipesApp.build/Objects-normal/x86_64/RecipesApp.SwiftFileList -DDEBUG -enable-experimental-feature DebugDescriptionMacro -sdk /Applications/Xcode.app/Contents/Developer/Platforms/iPhoneSimulator.platform/Developer/SDKs/iPhoneSimulator26.2.sdk -target x86_64-apple-ios18.0-simulator -g -module-cache-path /Users/olivier/Library/Developer/Xcode/DerivedData/ModuleCache.noindex -Xfrontend -serialize-debugging-options -enable-testing -index-store-path /Users/olivier/Library/Developer/Xcode/DerivedData/RecipesApp-fkyyklnnnjsfppgmbnwmslvjfhap/Index.noindex/DataStore -Xcc -D_LIBCPP_HARDENING_MODE\=_LIBCPP_HARDENING_MODE_DEBUG -swift-version 6 -I /Users/olivier/Library/Developer/Xcode/DerivedData/RecipesApp-fkyyklnnnjsfppgmbnwmslvjfhap/Build/Products/Debug-iphonesimulator -F /Users/olivier/Library/Developer/Xcode/DerivedData/RecipesApp-fkyyklnnnjsfppgmbnwmslvjfhap/Build/Products/Debug-iphonesimulator -emit-localized-strings -emit-localized-strings-path /Users/olivier/Library/Developer/Xcode/DerivedData/RecipesApp-fkyyklnnnjsfppgmbnwmslvjfhap/Build/Intermediates.noindex/RecipesApp.build/Debug-iphonesimulator/RecipesApp.build/Objects-normal/x86_64 -c -j12 -enable-batch-mode -incremental -Xcc -ivfsstatcache -Xcc /Users/olivier/Library/Developer/Xcode/DerivedData/SDKStatCaches.noindex/iphonesimulator26.2-23C53-7d00a8b37fbd7999ea79df8ebc024bf0.sdkstatcache -output-file-map /Users/olivier/Library/Developer/Xcode/DerivedData/RecipesApp-fkyyklnnnjsfppgmbnwmslvjfhap/Build/Intermediates.noindex/RecipesApp.build/Debug-iphonesimulator/RecipesApp.build/Objects-normal/x86_64/RecipesApp-OutputFileMap.json -use-frontend-parseable-output -save-temps -no-color-diagnostics -explicit-module-build -module-cache-path /Users/olivier/Library/Developer/Xcode/DerivedData/RecipesApp-fkyyklnnnjsfppgmbnwmslvjfhap/Build/Intermediates.noindex/SwiftExplicitPrecompiledModules -clang-scanner-module-cache-path /Users/olivier/Library/Developer/Xcode/DerivedData/ModuleCache.noindex -sdk-module-cache-path /Users/olivier/Library/Developer/Xcode/DerivedData/ModuleCache.noindex -serialize-diagnostics -emit-dependencies -emit-module -emit-module-path /Users/olivier/Library/Developer/Xcode/DerivedData/RecipesApp-fkyyklnnnjsfppgmbnwmslvjfhap/Build/Intermediates.noindex/RecipesApp.build/Debug-iphonesimulator/RecipesApp.build/Objects-normal/x86_64/RecipesApp.swiftmodule -validate-clang-modules-once -clang-build-session-file /Users/olivier/Library/Developer/Xcode/DerivedData/ModuleCache.noindex/Session.modulevalidation -Xcc -I/Users/olivier/Library/Developer/Xcode/DerivedData/RecipesApp-fkyyklnnnjsfppgmbnwmslvjfhap/Build/Intermediates.noindex/RecipesApp.build/Debug-iphonesimulator/RecipesApp.build/swift-overrides.hmap -emit-const-values -Xfrontend -const-gather-protocols-file -Xfrontend /Users/olivier/Library/Developer/Xcode/DerivedData/RecipesApp-fkyyklnnnjsfppgmbnwmslvjfhap/Build/Intermediates.noindex/RecipesApp.build/Debug-iphonesimulator/RecipesApp.build/Objects-normal/x86_64/RecipesApp_const_extract_protocols.json -Xcc -iquote -Xcc /Users/olivier/Library/Developer/Xcode/DerivedData/RecipesApp-fkyyklnnnjsfppgmbnwmslvjfhap/Build/Intermediates.noindex/RecipesApp.build/Debug-iphonesimulator/RecipesApp.build/RecipesApp-generated-files.hmap -Xcc -I/Users/olivier/Library/Developer/Xcode/DerivedData/RecipesApp-fkyyklnnnjsfppgmbnwmslvjfhap/Build/Intermediates.noindex/RecipesApp.build/Debug-iphonesimulator/RecipesApp.build/RecipesApp-own-target-headers.hmap -Xcc -I/Users/olivier/Library/Developer/Xcode/DerivedData/RecipesApp-fkyyklnnnjsfppgmbnwmslvjfhap/Build/Intermediates.noindex/RecipesApp.build/Debug-iphonesimulator/RecipesApp.build/RecipesApp-all-target-headers.hmap -Xcc -iquote -Xcc /Users/olivier/Library/Developer/Xcode/DerivedData/RecipesApp-fkyyklnnnjsfppgmbnwmslvjfhap/Build/Intermediates.noindex/RecipesApp.build/Debug-iphonesimulator/RecipesApp.build/RecipesApp-project-headers.hmap -Xcc -I/Users/olivier/Library/Developer/Xcode/DerivedData/RecipesApp-fkyyklnnnjsfppgmbnwmslvjfhap/Build/Products/Debug-iphonesimulator/include -Xcc -I/Users/olivier/Library/Developer/Xcode/DerivedData/RecipesApp-fkyyklnnnjsfppgmbnwmslvjfhap/Build/Intermediates.noindex/RecipesApp.build/Debug-iphonesimulator/RecipesApp.build/DerivedSources-normal/x86_64 -Xcc -I/Users/olivier/Library/Developer/Xcode/DerivedData/RecipesApp-fkyyklnnnjsfppgmbnwmslvjfhap/Build/Intermediates.noindex/RecipesApp.build/Debug-iphonesimulator/RecipesApp.build/DerivedSources/x86_64 -Xcc -I/Users/olivier/Library/Developer/Xcode/DerivedData/RecipesApp-fkyyklnnnjsfppgmbnwmslvjfhap/Build/Intermediates.noindex/RecipesApp.build/Debug-iphonesimulator/RecipesApp.build/DerivedSources -Xcc -DDEBUG\=1 -emit-objc-header -emit-objc-header-path /Users/olivier/Library/Developer/Xcode/DerivedData/RecipesApp-fkyyklnnnjsfppgmbnwmslvjfhap/Build/Intermediates.noindex/RecipesApp.build/Debug-iphonesimulator/RecipesApp.build/Objects-normal/x86_64/RecipesApp-Swift.h -working-directory /Users/olivier/Projects/homelab/applications/recipes-ios -experimental-emit-module-separately -disable-cmo

SwiftCompile normal x86_64 Compiling\ RecipeDetailComponents.swift,\ UploadViewModel.swift /Users/olivier/Projects/homelab/applications/recipes-ios/RecipesApp/Features/RecipeDetail/Views/RecipeDetailComponents.swift /Users/olivier/Projects/homelab/applications/recipes-ios/RecipesApp/Features/Upload/ViewModels/UploadViewModel.swift (in target 'RecipesApp' from project 'RecipesApp')
SwiftCompile normal x86_64 /Users/olivier/Projects/homelab/applications/recipes-ios/RecipesApp/Features/RecipeDetail/Views/RecipeDetailComponents.swift (in target 'RecipesApp' from project 'RecipesApp')
    cd /Users/olivier/Projects/homelab/applications/recipes-ios
    

SwiftCompile normal x86_64 /Users/olivier/Projects/homelab/applications/recipes-ios/RecipesApp/Features/Upload/ViewModels/UploadViewModel.swift (in target 'RecipesApp' from project 'RecipesApp')
    cd /Users/olivier/Projects/homelab/applications/recipes-ios
    

SwiftCompile normal x86_64 Compiling\ Recipe.swift,\ APIModels.swift /Users/olivier/Projects/homelab/applications/recipes-ios/RecipesApp/Core/Models/Recipe.swift /Users/olivier/Projects/homelab/applications/recipes-ios/RecipesApp/Core/Models/APIModels.swift (in target 'RecipesApp' from project 'RecipesApp')

SwiftCompile normal x86_64 /Users/olivier/Projects/homelab/applications/recipes-ios/RecipesApp/Core/Models/Recipe.swift (in target 'RecipesApp' from project 'RecipesApp')
    cd /Users/olivier/Projects/homelab/applications/recipes-ios
    

SwiftCompile normal x86_64 /Users/olivier/Projects/homelab/applications/recipes-ios/RecipesApp/Core/Models/APIModels.swift (in target 'RecipesApp' from project 'RecipesApp')
    cd /Users/olivier/Projects/homelab/applications/recipes-ios
    

SwiftCompile normal x86_64 Compiling\ RecipeGridItem.swift,\ FilterView.swift /Users/olivier/Projects/homelab/applications/recipes-ios/RecipesApp/Features/RecipeList/Views/RecipeGridItem.swift /Users/olivier/Projects/homelab/applications/recipes-ios/RecipesApp/Features/RecipeList/Views/FilterView.swift (in target 'RecipesApp' from project 'RecipesApp')
SwiftCompile normal x86_64 /Users/olivier/Projects/homelab/applications/recipes-ios/RecipesApp/Features/RecipeList/Views/RecipeGridItem.swift (in target 'RecipesApp' from project 'RecipesApp')
    cd /Users/olivier/Projects/homelab/applications/recipes-ios
    

SwiftCompile normal x86_64 /Users/olivier/Projects/homelab/applications/recipes-ios/RecipesApp/Features/RecipeList/Views/FilterView.swift (in target 'RecipesApp' from project 'RecipesApp')
    cd /Users/olivier/Projects/homelab/applications/recipes-ios
    

SwiftCompile normal x86_64 Compiling\ RecipesApp.swift,\ Configuration.swift /Users/olivier/Projects/homelab/applications/recipes-ios/RecipesApp/App/RecipesApp.swift /Users/olivier/Projects/homelab/applications/recipes-ios/RecipesApp/App/Configuration.swift (in target 'RecipesApp' from project 'RecipesApp')

SwiftCompile normal x86_64 /Users/olivier/Projects/homelab/applications/recipes-ios/RecipesApp/App/RecipesApp.swift (in target 'RecipesApp' from project 'RecipesApp')
    cd /Users/olivier/Projects/homelab/applications/recipes-ios
    

SwiftCompile normal x86_64 /Users/olivier/Projects/homelab/applications/recipes-ios/RecipesApp/App/Configuration.swift (in target 'RecipesApp' from project 'RecipesApp')
    cd /Users/olivier/Projects/homelab/applications/recipes-ios
    

SwiftCompile normal x86_64 Compiling\ NetworkManager.swift,\ PersistenceController.swift /Users/olivier/Projects/homelab/applications/recipes-ios/RecipesApp/Core/Networking/NetworkManager.swift /Users/olivier/Projects/homelab/applications/recipes-ios/RecipesApp/Core/Persistence/PersistenceController.swift (in target 'RecipesApp' from project 'RecipesApp')
SwiftCompile normal x86_64 /Users/olivier/Projects/homelab/applications/recipes-ios/RecipesApp/Core/Networking/NetworkManager.swift (in target 'RecipesApp' from project 'RecipesApp')
    cd /Users/olivier/Projects/homelab/applications/recipes-ios
    

SwiftCompile normal x86_64 /Users/olivier/Projects/homelab/applications/recipes-ios/RecipesApp/Core/Persistence/PersistenceController.swift (in target 'RecipesApp' from project 'RecipesApp')
    cd /Users/olivier/Projects/homelab/applications/recipes-ios
    

SwiftCompile normal x86_64 Compiling\ RecipeService.swift,\ HapticService.swift /Users/olivier/Projects/homelab/applications/recipes-ios/RecipesApp/Core/Services/RecipeService.swift /Users/olivier/Projects/homelab/applications/recipes-ios/RecipesApp/Core/Services/HapticService.swift (in target 'RecipesApp' from project 'RecipesApp')
Failed frontend command:
/Applications/Xcode.app/Contents/Developer/Toolchains/XcodeDefault.xctoolchain/usr/bin/swift-frontend -frontend -c /Users/olivier/Projects/homelab/applications/recipes-ios/RecipesApp/App/RecipesApp.swift /Users/olivier/Projects/homelab/applications/recipes-ios/RecipesApp/App/Configuration.swift /Users/olivier/Projects/homelab/applications/recipes-ios/RecipesApp/Core/Models/Recipe.swift /Users/olivier/Projects/homelab/applications/recipes-ios/RecipesApp/Core/Models/APIModels.swift /Users/olivier/Projects/homelab/applications/recipes-ios/RecipesApp/Core/Networking/NetworkManager.swift /Users/olivier/Projects/homelab/applications/recipes-ios/RecipesApp/Core/Persistence/PersistenceController.swift -primary-file /Users/olivier/Projects/homelab/applications/recipes-ios/RecipesApp/Core/Services/RecipeService.swift -primary-file /Users/olivier/Projects/homelab/applications/recipes-ios/RecipesApp/Core/Services/HapticService.swift /Users/olivier/Projects/homelab/applications/recipes-ios/RecipesApp/Features/RecipeList/ViewModels/RecipeListViewModel.swift /Users/olivier/Projects/homelab/applications/recipes-ios/RecipesApp/Features/RecipeList/Views/RecipeListView.swift /Users/olivier/Projects/homelab/applications/recipes-ios/RecipesApp/Features/RecipeList/Views/RecipeGridItem.swift /Users/olivier/Projects/homelab/applications/recipes-ios/RecipesApp/Features/RecipeList/Views/FilterView.swift /Users/olivier/Projects/homelab/applications/recipes-ios/RecipesApp/Features/RecipeDetail/ViewModels/RecipeDetailViewModel.swift /Users/olivier/Projects/homelab/applications/recipes-ios/RecipesApp/Features/RecipeDetail/Views/RecipeDetailView.swift /Users/olivier/Projects/homelab/applications/recipes-ios/RecipesApp/Features/RecipeDetail/Views/RecipeDetailComponents.swift /Users/olivier/Projects/homelab/applications/recipes-ios/RecipesApp/Features/Upload/ViewModels/UploadViewModel.swift /Users/olivier/Projects/homelab/applications/recipes-ios/RecipesApp/Features/Upload/Views/UploadView.swift /Users/olivier/Projects/homelab/applications/recipes-ios/RecipesApp/Features/Upload/Views/CameraView.swift /Users/olivier/Projects/homelab/applications/recipes-ios/RecipesApp/Shared/Views/ShareSheet.swift /Users/olivier/Projects/homelab/applications/recipes-ios/RecipesApp/Shared/Utilities/Debouncer.swift /Users/olivier/Projects/homelab/applications/recipes-ios/RecipesApp/Shared/Extensions/UIImage+Extensions.swift /Users/olivier/Projects/homelab/applications/recipes-ios/RecipesApp/Shared/Extensions/Date+Extensions.swift /Users/olivier/Projects/homelab/applications/recipes-ios/RecipesApp/Shared/Extensions/View+Extensions.swift /Users/olivier/Library/Developer/Xcode/DerivedData/RecipesApp-fkyyklnnnjsfppgmbnwmslvjfhap/Build/Intermediates.noindex/RecipesApp.build/Debug-iphonesimulator/RecipesApp.build/DerivedSources/GeneratedAssetSymbols.swift -emit-dependencies-path /Users/olivier/Library/Developer/Xcode/DerivedData/RecipesApp-fkyyklnnnjsfppgmbnwmslvjfhap/Build/Intermediates.noindex/RecipesApp.build/Debug-iphonesimulator/RecipesApp.build/Objects-normal/x86_64/RecipeService.d -emit-const-values-path /Users/olivier/Library/Developer/Xcode/DerivedData/RecipesApp-fkyyklnnnjsfppgmbnwmslvjfhap/Build/Intermediates.noindex/RecipesApp.build/Debug-iphonesimulator/RecipesApp.build/Objects-normal/x86_64/RecipeService.swiftconstvalues -emit-reference-dependencies-path /Users/olivier/Library/Developer/Xcode/DerivedData/RecipesApp-fkyyklnnnjsfppgmbnwmslvjfhap/Build/Intermediates.noindex/RecipesApp.build/Debug-iphonesimulator/RecipesApp.build/Objects-normal/x86_64/RecipeService.swiftdeps -serialize-diagnostics-path /Users/olivier/Library/Developer/Xcode/DerivedData/RecipesApp-fkyyklnnnjsfppgmbnwmslvjfhap/Build/Intermediates.noindex/RecipesApp.build/Debug-iphonesimulator/RecipesApp.build/Objects-normal/x86_64/RecipeService.dia -emit-dependencies-path /Users/olivier/Library/Developer/Xcode/DerivedData/RecipesApp-fkyyklnnnjsfppgmbnwmslvjfhap/Build/Intermediates.noindex/RecipesApp.build/Debug-iphonesimulator/RecipesApp.build/Objects-normal/x86_64/HapticService.d -emit-const-values-path /Users/olivier/Library/Developer/Xcode/DerivedData/RecipesApp-fkyyklnnnjsfppgmbnwmslvjfhap/Build/Intermediates.noindex/RecipesApp.build/Debug-iphonesimulator/RecipesApp.build/Objects-normal/x86_64/HapticService.swiftconstvalues -emit-reference-dependencies-path /Users/olivier/Library/Developer/Xcode/DerivedData/RecipesApp-fkyyklnnnjsfppgmbnwmslvjfhap/Build/Intermediates.noindex/RecipesApp.build/Debug-iphonesimulator/RecipesApp.build/Objects-normal/x86_64/HapticService.swiftdeps -serialize-diagnostics-path /Users/olivier/Library/Developer/Xcode/DerivedData/RecipesApp-fkyyklnnnjsfppgmbnwmslvjfhap/Build/Intermediates.noindex/RecipesApp.build/Debug-iphonesimulator/RecipesApp.build/Objects-normal/x86_64/HapticService.dia -emit-localized-strings -emit-localized-strings-path /Users/olivier/Library/Developer/Xcode/DerivedData/RecipesApp-fkyyklnnnjsfppgmbnwmslvjfhap/Build/Intermediates.noindex/RecipesApp.build/Debug-iphonesimulator/RecipesApp.build/Objects-normal/x86_64 -target x86_64-apple-ios18.0-simulator -module-can-import-version DeveloperToolsSupport 23.0.4 23.0.4 -module-can-import-version SwiftUI 7.2.5.1 7.2.5 -module-can-import-version UIKit 9126.2.4.1 9126.2.4 -disable-cross-import-overlay-search -swift-module-cross-import PhotosUI /Applications/Xcode.app/Contents/Developer/Platforms/iPhoneSimulator.platform/Developer/SDKs/iPhoneSimulator.sdk/System/Library/Frameworks/PhotosUI.framework/Modules/PhotosUI.swiftcrossimport/SwiftUI.swiftoverlay -swift-module-cross-import PhotosUI /Applications/Xcode.app/Contents/Developer/Platforms/iPhoneSimulator.platform/Developer/SDKs/iPhoneSimulator.sdk/System/Library/Frameworks/PhotosUI.framework/Modules/PhotosUI.swiftcrossimport/WidgetKit.swiftoverlay -swift-module-cross-import PhotosUI /Applications/Xcode.app/Contents/Developer/Platforms/iPhoneSimulator.platform/Developer/SDKs/iPhoneSimulator26.2.sdk/System/Library/Frameworks/PhotosUI.framework/Modules/PhotosUI.swiftcrossimport/SwiftUI.swiftoverlay -swift-module-cross-import PhotosUI /Applications/Xcode.app/Contents/Developer/Platforms/iPhoneSimulator.platform/Developer/SDKs/iPhoneSimulator26.2.sdk/System/Library/Frameworks/PhotosUI.framework/Modules/PhotosUI.swiftcrossimport/WidgetKit.swiftoverlay -swift-module-cross-import SwiftData /Applications/Xcode.app/Contents/Developer/Platforms/iPhoneSimulator.platform/Developer/SDKs/iPhoneSimulator26.2.sdk/System/Library/Frameworks/SwiftData.framework/Modules/SwiftData.swiftcrossimport/CoreData.swiftoverlay -swift-module-cross-import SwiftData /Applications/Xcode.app/Contents/Developer/Platforms/iPhoneSimulator.platform/Developer/SDKs/iPhoneSimulator26.2.sdk/System/Library/Frameworks/SwiftData.framework/Modules/SwiftData.swiftcrossimport/SwiftUI.swiftoverlay -load-resolved-plugin /Applications/Xcode.app/Contents/Developer/Platforms/iPhoneOS.platform/Developer/usr/lib/swift/host/plugins/libFoundationMacros.dylib\#/Applications/Xcode.app/Contents/Developer/Platforms/iPhoneOS.platform/Developer/usr/bin/swift-plugin-server\#FoundationMacros -load-resolved-plugin /Applications/Xcode.app/Contents/Developer/Platforms/iPhoneOS.platform/Developer/usr/lib/swift/host/plugins/libObservationMacros.dylib\#/Applications/Xcode.app/Contents/Developer/Platforms/iPhoneOS.platform/Developer/usr/bin/swift-plugin-server\#ObservationMacros -load-resolved-plugin /Applications/Xcode.app/Contents/Developer/Platforms/iPhoneOS.platform/Developer/usr/lib/swift/host/plugins/libPreviewsMacros.dylib\#/Applications/Xcode.app/Contents/Developer/Platforms/iPhoneOS.platform/Developer/usr/bin/swift-plugin-server\#PreviewsMacros -load-resolved-plugin /Applications/Xcode.app/Contents/Developer/Platforms/iPhoneOS.platform/Developer/usr/lib/swift/host/plugins/libSwiftDataMacros.dylib\#/Applications/Xcode.app/Contents/Developer/Platforms/iPhoneOS.platform/Developer/usr/bin/swift-plugin-server\#SwiftDataMacros -load-resolved-plugin /Applications/Xcode.app/Contents/Developer/Platforms/iPhoneOS.platform/Developer/usr/lib/swift/host/plugins/libSwiftMacros.dylib\#/Applications/Xcode.app/Contents/Developer/Platforms/iPhoneOS.platform/Developer/usr/bin/swift-plugin-server\#SwiftMacros -load-resolved-plugin /Applications/Xcode.app/Contents/Developer/Platforms/iPhoneOS.platform/Developer/usr/lib/swift/host/plugins/libSwiftUIMacros.dylib\#/Applications/Xcode.app/Contents/Developer/Platforms/iPhoneOS.platform/Developer/usr/bin/swift-plugin-server\#SwiftUIMacros -disable-implicit-swift-modules -Xcc -fno-implicit-modules -Xcc -fno-implicit-module-maps -explicit-swift-module-map-file /Users/olivier/Library/Developer/Xcode/DerivedData/RecipesApp-fkyyklnnnjsfppgmbnwmslvjfhap/Build/Intermediates.noindex/RecipesApp.build/Debug-iphonesimulator/RecipesApp.build/Objects-normal/x86_64/RecipesApp-dependencies-1.json -enable-objc-interop -sdk /Applications/Xcode.app/Contents/Developer/Platforms/iPhoneSimulator.platform/Developer/SDKs/iPhoneSimulator26.2.sdk -I /Users/olivier/Library/Developer/Xcode/DerivedData/RecipesApp-fkyyklnnnjsfppgmbnwmslvjfhap/Build/Products/Debug-iphonesimulator -F /Users/olivier/Library/Developer/Xcode/DerivedData/RecipesApp-fkyyklnnnjsfppgmbnwmslvjfhap/Build/Products/Debug-iphonesimulator -no-color-diagnostics -Xcc -fno-color-diagnostics -enable-testing -g -debug-info-format\=dwarf -dwarf-version\=5 -module-cache-path /Users/olivier/Library/Developer/Xcode/DerivedData/RecipesApp-fkyyklnnnjsfppgmbnwmslvjfhap/Build/Intermediates.noindex/SwiftExplicitPrecompiledModules -swift-version 6 -enforce-exclusivity\=checked -Onone -D DEBUG -serialize-debugging-options -const-gather-protocols-file /Users/olivier/Library/Developer/Xcode/DerivedData/RecipesApp-fkyyklnnnjsfppgmbnwmslvjfhap/Build/Intermediates.noindex/RecipesApp.build/Debug-iphonesimulator/RecipesApp.build/Objects-normal/x86_64/RecipesApp_const_extract_protocols.json -enable-experimental-feature DebugDescriptionMacro -empty-abi-descriptor -validate-clang-modules-once -clang-build-session-file /Users/olivier/Library/Developer/Xcode/DerivedData/ModuleCache.noindex/Session.modulevalidation -Xcc -working-directory -Xcc /Users/olivier/Projects/homelab/applications/recipes-ios -enable-anonymous-context-mangled-names -file-compilation-dir /Users/olivier/Projects/homelab/applications/recipes-ios -Xcc -D_LIBCPP_HARDENING_MODE\=_LIBCPP_HARDENING_MODE_DEBUG -Xcc -ivfsstatcache -Xcc /Users/olivier/Library/Developer/Xcode/DerivedData/SDKStatCaches.noindex/iphonesimulator26.2-23C53-7d00a8b37fbd7999ea79df8ebc024bf0.sdkstatcache -Xcc -I/Users/olivier/Library/Developer/Xcode/DerivedData/RecipesApp-fkyyklnnnjsfppgmbnwmslvjfhap/Build/Intermediates.noindex/RecipesApp.build/Debug-iphonesimulator/RecipesApp.build/swift-overrides.hmap -Xcc -iquote -Xcc /Users/olivier/Library/Developer/Xcode/DerivedData/RecipesApp-fkyyklnnnjsfppgmbnwmslvjfhap/Build/Intermediates.noindex/RecipesApp.build/Debug-iphonesimulator/RecipesApp.build/RecipesApp-generated-files.hmap -Xcc -I/Users/olivier/Library/Developer/Xcode/DerivedData/RecipesApp-fkyyklnnnjsfppgmbnwmslvjfhap/Build/Intermediates.noindex/RecipesApp.build/Debug-iphonesimulator/RecipesApp.build/RecipesApp-own-target-headers.hmap -Xcc -I/Users/olivier/Library/Developer/Xcode/DerivedData/RecipesApp-fkyyklnnnjsfppgmbnwmslvjfhap/Build/Intermediates.noindex/RecipesApp.build/Debug-iphonesimulator/RecipesApp.build/RecipesApp-all-target-headers.hmap -Xcc -iquote -Xcc /Users/olivier/Library/Developer/Xcode/DerivedData/RecipesApp-fkyyklnnnjsfppgmbnwmslvjfhap/Build/Intermediates.noindex/RecipesApp.build/Debug-iphonesimulator/RecipesApp.build/RecipesApp-project-headers.hmap -Xcc -I/Users/olivier/Library/Developer/Xcode/DerivedData/RecipesApp-fkyyklnnnjsfppgmbnwmslvjfhap/Build/Products/Debug-iphonesimulator/include -Xcc -I/Users/olivier/Library/Developer/Xcode/DerivedData/RecipesApp-fkyyklnnnjsfppgmbnwmslvjfhap/Build/Intermediates.noindex/RecipesApp.build/Debug-iphonesimulator/RecipesApp.build/DerivedSources-normal/x86_64 -Xcc -I/Users/olivier/Library/Developer/Xcode/DerivedData/RecipesApp-fkyyklnnnjsfppgmbnwmslvjfhap/Build/Intermediates.noindex/RecipesApp.build/Debug-iphonesimulator/RecipesApp.build/DerivedSources/x86_64 -Xcc -I/Users/olivier/Library/Developer/Xcode/DerivedData/RecipesApp-fkyyklnnnjsfppgmbnwmslvjfhap/Build/Intermediates.noindex/RecipesApp.build/Debug-iphonesimulator/RecipesApp.build/DerivedSources -Xcc -DDEBUG\=1 -no-auto-bridging-header-chaining -module-name RecipesApp -frontend-parseable-output -disable-clang-spi -target-sdk-version 26.2 -target-sdk-name iphonesimulator26.2 -clang-target x86_64-apple-ios26.2-simulator -in-process-plugin-server-path /Applications/Xcode.app/Contents/Developer/Toolchains/XcodeDefault.xctoolchain/usr/lib/swift/host/libSwiftInProcPluginServer.dylib -o /Users/olivier/Library/Developer/Xcode/DerivedData/RecipesApp-fkyyklnnnjsfppgmbnwmslvjfhap/Build/Intermediates.noindex/RecipesApp.build/Debug-iphonesimulator/RecipesApp.build/Objects-normal/x86_64/RecipeService.o -o /Users/olivier/Library/Developer/Xcode/DerivedData/RecipesApp-fkyyklnnnjsfppgmbnwmslvjfhap/Build/Intermediates.noindex/RecipesApp.build/Debug-iphonesimulator/RecipesApp.build/Objects-normal/x86_64/HapticService.o -index-unit-output-path /RecipesApp.build/Debug-iphonesimulator/RecipesApp.build/Objects-normal/x86_64/RecipeService.o -index-unit-output-path /RecipesApp.build/Debug-iphonesimulator/RecipesApp.build/Objects-normal/x86_64/HapticService.o -index-store-path /Users/olivier/Library/Developer/Xcode/DerivedData/RecipesApp-fkyyklnnnjsfppgmbnwmslvjfhap/Index.noindex/DataStore -index-system-modules

SwiftCompile normal x86_64 /Users/olivier/Projects/homelab/applications/recipes-ios/RecipesApp/Core/Services/RecipeService.swift (in target 'RecipesApp' from project 'RecipesApp')
    cd /Users/olivier/Projects/homelab/applications/recipes-ios
    
/Users/olivier/Projects/homelab/applications/recipes-ios/RecipesApp/Core/Services/RecipeService.swift:124:28: error: sending 'recipe' risks causing data races
        await cacheManager.cacheRecipe(recipe)
              ~~~~~~~~~~~~~^~~~~~~~~~~~~~~~~~~
/Users/olivier/Projects/homelab/applications/recipes-ios/RecipesApp/Core/Services/RecipeService.swift:124:28: note: sending main actor-isolated 'recipe' to actor-isolated instance method 'cacheRecipe' risks causing data races between actor-isolated and main actor-isolated uses
        await cacheManager.cacheRecipe(recipe)
                           ^
/Users/olivier/Projects/homelab/applications/recipes-ios/RecipesApp/Core/Services/RecipeService.swift:21:73: error: non-Sendable 'RecipeListResponse'-typed result can not be returned from actor-isolated instance method 'request(endpoint:method:)' to main actor-isolated context
            let response: RecipeListResponse = try await networkManager.request(
                                                                        ^
/Users/olivier/Projects/homelab/applications/recipes-ios/RecipesApp/Core/Models/APIModels.swift:5:8: note: consider making struct 'RecipeListResponse' conform to the 'Sendable' protocol
struct RecipeListResponse: Codable {
       ^
                                  , Sendable
/Users/olivier/Projects/homelab/applications/recipes-ios/RecipesApp/Core/Services/RecipeService.swift:46:44: error: non-Sendable 'Recipe?'-typed result can not be returned from actor-isolated instance method 'getCachedRecipe(slug:)' to main actor-isolated context
        if let cached = await cacheManager.getCachedRecipe(slug: slug) {
                                           ^
Swift.Optional:1:21: note: generic enum 'Optional' does not conform to the 'Sendable' protocol
@frozen public enum Optional<Wrapped> : ~Copyable, ~Escapable where Wrapped : ~Copyable, Wrapped : ~Escapable {
                    ^
/Users/olivier/Projects/homelab/applications/recipes-ios/RecipesApp/Core/Services/RecipeService.swift:51:59: error: non-Sendable 'Recipe'-typed result can not be returned from actor-isolated instance method 'request(endpoint:method:)' to main actor-isolated context
            let recipe: Recipe = try await networkManager.request(
                                                          ^
/Users/olivier/Projects/homelab/applications/recipes-ios/RecipesApp/Core/Models/Recipe.swift:5:7: note: class 'Recipe' does not conform to the 'Sendable' protocol
class Recipe: Identifiable {
      ^

SwiftCompile normal x86_64 /Users/olivier/Projects/homelab/applications/recipes-ios/RecipesApp/Core/Services/HapticService.swift (in target 'RecipesApp' from project 'RecipesApp')
    cd /Users/olivier/Projects/homelab/applications/recipes-ios
    

SwiftCompile normal x86_64 Compiling\ RecipeDetailViewModel.swift,\ RecipeDetailView.swift /Users/olivier/Projects/homelab/applications/recipes-ios/RecipesApp/Features/RecipeDetail/ViewModels/RecipeDetailViewModel.swift /Users/olivier/Projects/homelab/applications/recipes-ios/RecipesApp/Features/RecipeDetail/Views/RecipeDetailView.swift (in target 'RecipesApp' from project 'RecipesApp')

SwiftCompile normal x86_64 /Users/olivier/Projects/homelab/applications/recipes-ios/RecipesApp/Features/RecipeDetail/ViewModels/RecipeDetailViewModel.swift (in target 'RecipesApp' from project 'RecipesApp')
    cd /Users/olivier/Projects/homelab/applications/recipes-ios
    

SwiftCompile normal x86_64 /Users/olivier/Projects/homelab/applications/recipes-ios/RecipesApp/Features/RecipeDetail/Views/RecipeDetailView.swift (in target 'RecipesApp' from project 'RecipesApp')
    cd /Users/olivier/Projects/homelab/applications/recipes-ios
    

SwiftCompile normal x86_64 Compiling\ UploadView.swift,\ CameraView.swift /Users/olivier/Projects/homelab/applications/recipes-ios/RecipesApp/Features/Upload/Views/UploadView.swift /Users/olivier/Projects/homelab/applications/recipes-ios/RecipesApp/Features/Upload/Views/CameraView.swift (in target 'RecipesApp' from project 'RecipesApp')

SwiftCompile normal x86_64 /Users/olivier/Projects/homelab/applications/recipes-ios/RecipesApp/Features/Upload/Views/UploadView.swift (in target 'RecipesApp' from project 'RecipesApp')
    cd /Users/olivier/Projects/homelab/applications/recipes-ios
    

SwiftCompile normal x86_64 /Users/olivier/Projects/homelab/applications/recipes-ios/RecipesApp/Features/Upload/Views/CameraView.swift (in target 'RecipesApp' from project 'RecipesApp')
    cd /Users/olivier/Projects/homelab/applications/recipes-ios
    

SwiftCompile normal x86_64 Compiling\ RecipeListViewModel.swift,\ RecipeListView.swift /Users/olivier/Projects/homelab/applications/recipes-ios/RecipesApp/Features/RecipeList/ViewModels/RecipeListViewModel.swift /Users/olivier/Projects/homelab/applications/recipes-ios/RecipesApp/Features/RecipeList/Views/RecipeListView.swift (in target 'RecipesApp' from project 'RecipesApp')

SwiftCompile normal x86_64 /Users/olivier/Projects/homelab/applications/recipes-ios/RecipesApp/Features/RecipeList/ViewModels/RecipeListViewModel.swift (in target 'RecipesApp' from project 'RecipesApp')
    cd /Users/olivier/Projects/homelab/applications/recipes-ios
    

SwiftCompile normal x86_64 /Users/olivier/Projects/homelab/applications/recipes-ios/RecipesApp/Features/RecipeList/Views/RecipeListView.swift (in target 'RecipesApp' from project 'RecipesApp')
    cd /Users/olivier/Projects/homelab/applications/recipes-ios
    

SwiftCompile normal x86_64 Compiling\ ShareSheet.swift,\ Debouncer.swift /Users/olivier/Projects/homelab/applications/recipes-ios/RecipesApp/Shared/Views/ShareSheet.swift /Users/olivier/Projects/homelab/applications/recipes-ios/RecipesApp/Shared/Utilities/Debouncer.swift (in target 'RecipesApp' from project 'RecipesApp')

SwiftCompile normal x86_64 /Users/olivier/Projects/homelab/applications/recipes-ios/RecipesApp/Shared/Views/ShareSheet.swift (in target 'RecipesApp' from project 'RecipesApp')
    cd /Users/olivier/Projects/homelab/applications/recipes-ios
    

SwiftCompile normal x86_64 /Users/olivier/Projects/homelab/applications/recipes-ios/RecipesApp/Shared/Utilities/Debouncer.swift (in target 'RecipesApp' from project 'RecipesApp')
    cd /Users/olivier/Projects/homelab/applications/recipes-ios
    

SwiftEmitModule normal x86_64 Emitting\ module\ for\ RecipesApp (in target 'RecipesApp' from project 'RecipesApp')

EmitSwiftModule normal x86_64 (in target 'RecipesApp' from project 'RecipesApp')
    cd /Users/olivier/Projects/homelab/applications/recipes-ios
    

SwiftCompile normal x86_64 Compiling\ View+Extensions.swift,\ GeneratedAssetSymbols.swift /Users/olivier/Projects/homelab/applications/recipes-ios/RecipesApp/Shared/Extensions/View+Extensions.swift /Users/olivier/Library/Developer/Xcode/DerivedData/RecipesApp-fkyyklnnnjsfppgmbnwmslvjfhap/Build/Intermediates.noindex/RecipesApp.build/Debug-iphonesimulator/RecipesApp.build/DerivedSources/GeneratedAssetSymbols.swift (in target 'RecipesApp' from project 'RecipesApp')

SwiftCompile normal x86_64 /Users/olivier/Projects/homelab/applications/recipes-ios/RecipesApp/Shared/Extensions/View+Extensions.swift (in target 'RecipesApp' from project 'RecipesApp')
    cd /Users/olivier/Projects/homelab/applications/recipes-ios
    

SwiftCompile normal x86_64 /Users/olivier/Library/Developer/Xcode/DerivedData/RecipesApp-fkyyklnnnjsfppgmbnwmslvjfhap/Build/Intermediates.noindex/RecipesApp.build/Debug-iphonesimulator/RecipesApp.build/DerivedSources/GeneratedAssetSymbols.swift (in target 'RecipesApp' from project 'RecipesApp')
    cd /Users/olivier/Projects/homelab/applications/recipes-ios
    

SwiftDriverJobDiscovery normal x86_64 Compiling ShareSheet.swift, Debouncer.swift (in target 'RecipesApp' from project 'RecipesApp')

SwiftCompile normal x86_64 Compiling\ UIImage+Extensions.swift,\ Date+Extensions.swift /Users/olivier/Projects/homelab/applications/recipes-ios/RecipesApp/Shared/Extensions/UIImage+Extensions.swift /Users/olivier/Projects/homelab/applications/recipes-ios/RecipesApp/Shared/Extensions/Date+Extensions.swift (in target 'RecipesApp' from project 'RecipesApp')

SwiftCompile normal x86_64 /Users/olivier/Projects/homelab/applications/recipes-ios/RecipesApp/Shared/Extensions/UIImage+Extensions.swift (in target 'RecipesApp' from project 'RecipesApp')
    cd /Users/olivier/Projects/homelab/applications/recipes-ios
    

SwiftCompile normal x86_64 /Users/olivier/Projects/homelab/applications/recipes-ios/RecipesApp/Shared/Extensions/Date+Extensions.swift (in target 'RecipesApp' from project 'RecipesApp')
    cd /Users/olivier/Projects/homelab/applications/recipes-ios
    

SwiftDriverJobDiscovery normal x86_64 Compiling RecipesApp.swift, Configuration.swift (in target 'RecipesApp' from project 'RecipesApp')

** BUILD FAILED **


The following build commands failed:
	SwiftCompile normal x86_64 Compiling\ RecipeService.swift,\ HapticService.swift /Users/olivier/Projects/homelab/applications/recipes-ios/RecipesApp/Core/Services/RecipeService.swift /Users/olivier/Projects/homelab/applications/recipes-ios/RecipesApp/Core/Services/HapticService.swift (in target 'RecipesApp' from project 'RecipesApp')
	SwiftCompile normal x86_64 /Users/olivier/Projects/homelab/applications/recipes-ios/RecipesApp/Core/Services/RecipeService.swift (in target 'RecipesApp' from project 'RecipesApp')
	Building project RecipesApp with scheme RecipesApp
(3 failures)
